
	Peak file = ./homer_results/human_conservative.sorted/peaks_homer.bed
	Genome = hg38
	Organism = human
	Peak/BED file conversion summary:
		BED/Header formatted lines: 150470
		peakfile formatted lines: 0
		Duplicated Peak IDs: 150469

	Peak File Statistics:
		Total Peaks: 150470
		Redundant Peak IDs: 0
		Peaks lacking information: 0 (need at least 5 columns per peak)
		Peaks with misformatted coordinates: 0 (should be integer)
		Peaks with misformatted strand: 0 (should be either +/- or 0/1)

	Peak file looks good!

	Reading Positions...
	-----------------------
	offset=0
	Finding Closest TSS...
	Annotating:.......................
		Annotation	Number of peaks	Total size (bp)	Log2 Ratio (obs/exp)	LogP enrichment (+values depleted)
		3UTR	1770.0	27132416	0.393	-63.999
		miRNA	23.0	109554	2.080	-17.831
		ncRNA	1001.0	7132742	1.498	-398.293
		TTS	2856.0	32468647	0.824	-398.164
		pseudo	159.0	2094123	0.612	-14.922
		Exon	5270.0	37461929	1.502	-2121.190
		Intron	67075.0	1260832437	0.099	-272.875
		Intergenic	38320.0	1623206414	-1.073	24613.706
		Promoter	31845.0	36173306	4.148	-64773.070
		5UTR	2151.0	2669935	4.020	-3993.041
		snoRNA	0.0	357	-0.025	0.018
		scRNA	0.0	97	-0.007	0.005
		rRNA	0.0	25562	-1.183	1.270
	NOTE: If this part takes more than 2 minutes, there is a good chance
		your machine ran out of memory: consider hitting ctrl+C and rerunning
		the command with "-noann"
	To capture annotation stats in a file, use "-annStats <filename>" next time
	Annotating:.......................
		Annotation	Number of peaks	Total size (bp)	Log2 Ratio (obs/exp)	LogP enrichment (+values depleted)
		3UTR	1770.0	27132416	0.394	-64.236
		Retroposon	27.0	4043950	-2.894	122.116
		RC?	0.0	59641	-1.986	2.961
		RNA	1.0	107756	-2.419	3.501
		miRNA	23.0	109554	2.080	-17.841
		ncRNA	999.0	7132742	1.496	-396.563
		TTS	2855.0	32468647	0.825	-398.277
		LINE	6158.0	626518711	-2.337	17418.586
		srpRNA	1.0	261424	-3.698	10.341
		SINE	9511.0	376897074	-0.976	3082.880
		RC	7.0	358685	-1.347	5.722
		tRNA	55.0	90990	3.606	-89.836
		DNA?	15.0	422156	-0.483	2.183
		pseudo	159.0	2094123	0.613	-14.953
		DNA	2520.0	98908730	-0.962	732.876
		Exon	5265.0	37461929	1.501	-2117.771
		Intron	44016.0	657832052	0.431	-2350.389
		Intergenic	25398.0	738130028	-0.529	2478.532
		Promoter	31828.0	36173306	4.148	-64737.121
		5UTR	2137.0	2669935	4.011	-3954.994
		snoRNA	0.0	357	-0.025	0.018
		LTR?	48.0	1136894	-0.234	1.935
		scRNA	4.0	121238	-0.589	1.264
		CpG-Island	10663.0	8784954	4.612	-24220.873
		Low_complexity	167.0	5391300	-0.680	24.427
		LTR	6200.0	257518063	-1.044	2257.146
		Simple_repeat	535.0	33792674	-1.649	539.231
		snRNA	23.0	311487	0.573	-3.141
		Unknown	44.0	713558	0.313	-2.401
		SINE?	0.0	2674	-0.180	0.133
		Satellite	34.0	74131976	-6.758	3534.533
		rRNA	7.0	199070	-0.498	1.465
	Counting Tags in Peaks from each directory...
	Organism: human
	Loading Gene Informaiton...
	Outputing Annotation File...
	Done annotating peaks file

