
	Peak file = ./homer_results/mouse_specific_peaks_conservative/peaks_homer.bed
	Genome = hg38
	Organism = human
	Peak/BED file conversion summary:
		BED/Header formatted lines: 8366
		peakfile formatted lines: 0
		Duplicated Peak IDs: 0

	Peak File Statistics:
		Total Peaks: 8366
		Redundant Peak IDs: 0
		Peaks lacking information: 0 (need at least 5 columns per peak)
		Peaks with misformatted coordinates: 0 (should be integer)
		Peaks with misformatted strand: 0 (should be either +/- or 0/1)

	Peak file looks good!

	Reading Positions...
	-----------------------
	offset=0
	Finding Closest TSS...
	Annotating:..........................
		Annotation	Number of peaks	Total size (bp)	Log2 Ratio (obs/exp)	LogP enrichment (+values depleted)
		3UTR	142.0	27138392	0.922	-26.632
		miRNA	0.0	109554	-0.381	0.303
		ncRNA	36.0	7135721	0.869	-7.398
		TTS	110.0	32482774	0.294	-3.900
		pseudo	1.0	2094123	-2.532	3.870
		Exon	322.0	37470491	1.638	-153.352
		Intron	4288.0	1260971122	0.300	-160.903
		Intergenic	2848.0	1623314704	-0.654	650.823
		Promoter	559.0	36185920	2.484	-520.228
		5UTR	60.0	2671210	3.024	-76.143
		snoRNA	0.0	357	-0.001	0.001
		scRNA	0.0	97	-0.000	0.000
		rRNA	0.0	25562	-0.098	0.071
	NOTE: If this part takes more than 2 minutes, there is a good chance
		your machine ran out of memory: consider hitting ctrl+C and rerunning
		the command with "-noann"
	To capture annotation stats in a file, use "-annStats <filename>" next time
	Annotating:..........................
		Annotation	Number of peaks	Total size (bp)	Log2 Ratio (obs/exp)	LogP enrichment (+values depleted)
		3UTR	142.0	27138392	0.923	-26.673
		Retroposon	0.0	4043950	-3.606	11.168
		RC?	0.0	59724	-0.220	0.165
		RNA	0.0	107756	-0.376	0.297
		miRNA	0.0	109554	-0.381	0.302
		ncRNA	36.0	7135721	0.870	-7.408
		TTS	110.0	32482774	0.295	-3.914
		LINE	386.0	626577885	-2.163	895.640
		srpRNA	0.0	261424	-0.784	0.722
		SINE	219.0	376991610	-2.248	527.964
		RC	0.0	358685	-0.993	0.990
		tRNA	0.0	90990	-0.323	0.251
		DNA?	3.0	422156	1.365	-2.180
		pseudo	1.0	2094123	-2.531	3.867
		DNA	84.0	98920896	-1.700	94.959
		Exon	322.0	37470491	1.639	-153.483
		Intron	3622.0	657896628	0.996	-974.965
		Intergenic	2433.0	738226609	0.256	-51.896
		Promoter	559.0	36185920	2.485	-520.501
		5UTR	60.0	2671210	3.025	-76.174
		snoRNA	0.0	357	-0.001	0.001
		LTR?	4.0	1136894	0.350	-0.958
		scRNA	0.0	121238	-0.416	0.335
		CpG-Island	182.0	8789955	2.907	-213.904
		Low_complexity	10.0	5391502	-0.573	2.086
		LTR	163.0	257539823	-2.124	330.089
		Simple_repeat	25.0	33797613	-1.900	37.865
		snRNA	0.0	311522	-0.895	0.860
		Unknown	5.0	713558	1.344	-2.998
		SINE?	0.0	2674	-0.011	0.007
		Satellite	0.0	74131976	-7.719	207.132
		rRNA	0.0	199070	-0.632	0.549
	Counting Tags in Peaks from each directory...
	Organism: human
	Loading Gene Informaiton...
	Outputing Annotation File...
	Done annotating peaks file

