
	Peak file = ./homer_results/mouse_to_human_conservative.sorted/peaks_homer.bed
	Genome = hg38
	Organism = human
	Peak/BED file conversion summary:
		BED/Header formatted lines: 29776
		peakfile formatted lines: 0
		Duplicated Peak IDs: 0

	Peak File Statistics:
		Total Peaks: 29776
		Redundant Peak IDs: 0
		Peaks lacking information: 0 (need at least 5 columns per peak)
		Peaks with misformatted coordinates: 0 (should be integer)
		Peaks with misformatted strand: 0 (should be either +/- or 0/1)

	Peak file looks good!

	Reading Positions...
	-----------------------
	offset=0
	Finding Closest TSS...
	Annotating:..........................
		Annotation	Number of peaks	Total size (bp)	Log2 Ratio (obs/exp)	LogP enrichment (+values depleted)
		3UTR	243.0	27138392	-0.134	2.590
		miRNA	4.0	109554	1.893	-3.727
		ncRNA	167.0	7135721	1.252	-51.122
		TTS	429.0	32482774	0.426	-19.830
		pseudo	5.0	2094123	-2.041	9.991
		Exon	1348.0	37470491	1.872	-790.070
		Intron	9960.0	1260971122	-0.315	423.223
		Intergenic	5179.0	1623314704	-1.623	8355.576
		Promoter	11719.0	36185920	5.042	-32148.944
		5UTR	721.0	2671210	4.779	-1706.145
		snoRNA	1.0	357	8.155	-5.654
		scRNA	0.0	97	-0.001	0.001
		rRNA	0.0	25562	-0.323	0.251
	NOTE: If this part takes more than 2 minutes, there is a good chance
		your machine ran out of memory: consider hitting ctrl+C and rerunning
		the command with "-noann"
	To capture annotation stats in a file, use "-annStats <filename>" next time
	Annotating:..........................
		Annotation	Number of peaks	Total size (bp)	Log2 Ratio (obs/exp)	LogP enrichment (+values depleted)
		3UTR	243.0	27138392	-0.134	2.573
		Retroposon	0.0	4043950	-5.350	39.749
		RC?	0.0	59724	-0.666	0.587
		RNA	0.0	107756	-1.042	1.058
		miRNA	4.0	109554	1.894	-3.729
		ncRNA	166.0	7135721	1.244	-50.304
		TTS	428.0	32482774	0.424	-19.591
		LINE	475.0	626577885	-3.696	5100.607
		srpRNA	0.0	261424	-1.835	2.568
		SINE	352.0	376991610	-3.395	2733.105
		RC	0.0	358685	-2.177	3.523
		tRNA	5.0	90990	2.484	-6.086
		DNA?	5.0	422156	0.270	-0.917
		pseudo	5.0	2094123	-2.041	9.981
		DNA	119.0	98920896	-3.029	618.451
		Exon	1345.0	37470491	1.870	-786.659
		Intron	6701.0	657896628	0.052	-7.764
		Intergenic	4122.0	738226609	-0.815	1013.282
		Promoter	11716.0	36185920	5.043	-32143.758
		5UTR	715.0	2671210	4.768	-1686.553
		snoRNA	1.0	357	8.156	-5.655
		LTR?	5.0	1136894	-1.159	3.384
		scRNA	0.0	121238	-1.132	1.191
		CpG-Island	3038.0	8789955	5.137	-8022.320
		Low_complexity	26.0	5391502	-1.026	10.382
		LTR	202.0	257539823	-3.647	1917.340
		Simple_repeat	96.0	33797613	-1.790	120.677
		snRNA	0.0	311522	-2.022	3.060
		Unknown	7.0	713558	-0.002	0.515
		SINE?	0.0	2674	-0.037	0.026
		Satellite	0.0	74131976	-9.546	737.219
		rRNA	0.0	199070	-1.563	1.955
	Counting Tags in Peaks from each directory...
	Organism: human
	Loading Gene Informaiton...
	Outputing Annotation File...
	Done annotating peaks file

