
	Position file = ./homer_results/mouse_to_human_conservative.sorted/peaks_homer.bed
	Genome = hg38
	Output Directory = ./homer_results/mouse_to_human_conservative.sorted/motifs
	Using actual sizes of regions (-size given)
	Fragment size set to given
	Will use repeat masked sequences
	Using 8 CPUs
	Found mset for "human", will check against vertebrates motifs
	Peak/BED file conversion summary:
		BED/Header formatted lines: 29776
		peakfile formatted lines: 0

	Peak File Statistics:
		Total Peaks: 29776
		Redundant Peak IDs: 0
		Peaks lacking information: 0 (need at least 5 columns per peak)
		Peaks with misformatted coordinates: 0 (should be integer)
		Peaks with misformatted strand: 0 (should be either +/- or 0/1)

	Peak file looks good!

	Background fragment size set to 0 (avg size of targets)
ls: cannot access '/ocean/projects/bio230007p/mccreary/.//data/genomes/hg38//preparsed//hg38r.*.cgbins': No such file or directory
	Could not find background files for 0 bp fragments
	Below are the sizes that are already available prepared.
	HOMER will now create background files for 0 bp fragments
	To CANCEL and rerun with a differet "-size <#>", hit <CTRL+C> now!
		5
		4
		3
		2
		1
	Preparsing genome for 0 bp fragments...(will probably take 1-5 min)
	preparse size set to 0

	By default, using /ocean/projects/bio230007p/mccreary/.//data/genomes/hg38//hg38.tss for reference positions
	Output files will be placed in /ocean/projects/bio230007p/mccreary/.//data/genomes/hg38//preparsed//hg38r.0.* ...
	By default, HOMER will set the the preparsed Directory to be group read/write
Illegal division by zero at /ocean/projects/bio230007p/mccreary/bin/preparseGenome.pl line 246.
wc: /ocean/projects/bio230007p/mccreary/.//data/genomes/hg38//preparsed//hg38r.0.gcbins: No such file or directory
Use of uninitialized value $lineCount in numeric lt (<) at /ocean/projects/bio230007p/mccreary/bin/findMotifsGenome.pl line 708.
!!!! Might have something wrong with preparsed files
!!!! Rerun and add "-preparse" to the command line to force recreation of the files
	Custom genome sequence directory: /ocean/projects/bio230007p/mccreary/.//data/genomes/hg38//

	Extracting sequences from file: /ocean/projects/bio230007p/mccreary/.//data/genomes/hg38///genome.fa
	Looking for peak sequences in a single file (/ocean/projects/bio230007p/mccreary/.//data/genomes/hg38///genome.fa)
	Extracting 3188 sequences from chr1
	Extracting 1422 sequences from chr10
	Extracting 1778 sequences from chr11
	Extracting 1677 sequences from chr12
	Extracting 638 sequences from chr13
	Extracting 1017 sequences from chr14
	Extracting 1066 sequences from chr15
	Extracting 1089 sequences from chr16
	Extracting 1765 sequences from chr17
	Extracting 534 sequences from chr18
	Extracting 1145 sequences from chr19
	Extracting 2155 sequences from chr2
	Extracting 905 sequences from chr20
	Extracting 263 sequences from chr21
	Extracting 586 sequences from chr22
	Extracting 1910 sequences from chr3
	Extracting 1182 sequences from chr4
	Extracting 1693 sequences from chr5
	Extracting 1446 sequences from chr6
	Extracting 1289 sequences from chr7
	Extracting 1072 sequences from chr8
	Extracting 1290 sequences from chr9
	Extracting 1 sequences from chr11_KI270830v1_alt
	Extracting 1 sequences from chr19_GL383574v1_alt
	Extracting 1 sequences from chr21_GL383580v2_alt
	Extracting 663 sequences from chrX


!!!!!!!!!!!!!!!!!!!!!!!!!!!!!!!!!!!!!!!!!!!!!!!!!!!!!!!!!!!!!
	Potential Problem with Sequences (ignore if preparsing genome):
	29776 of 29776 removed because they were shorter than 5 bp


!!!!!!!!!!!!!!!!!!!!!!!!!!!!!!!!!!!!!!!!!!!!!!!!!!!!!!!!!!!!!

	Not removing redundant sequences


	Sequences processed:
		0 total

	Frequency Bins: 0.2 0.25 0.3 0.35 0.4 0.45 0.5 0.6 0.7 0.8
	Freq	Bin	Count
	Max distance to merge: direct overlap required (-d given)
	Calculating co-bound peaks relative to reference: /ocean/projects/bio230007p/mccreary/.//data/genomes/hg38//preparsed//hg38r.0.pos

	Comparing peaks: (peakfile, overlapping peaks, logRatio(obs/expected), logP)
readline() on closed filehandle IN at /ocean/projects/bio230007p/mccreary/bin/filterListBy.pl line 30.
readline() on closed filehandle IN at /ocean/projects/bio230007p/mccreary/bin/filterListBy.pl line 44.
rm: cannot remove '0.462890095383958.coBoundBy0.txt': No such file or directory
rm: cannot remove '0.462890095383958.coBoundBy1.txt': No such file or directory

	Total sequences set to 100000

	Choosing background that matches in CpG/GC content...
Illegal division by zero at /ocean/projects/bio230007p/mccreary/bin/assignGeneWeights.pl line 63.
	Assembling sequence file...
readline() on closed filehandle IN at /ocean/projects/bio230007p/mccreary/bin/filterListBy.pl line 44.
	Normalizing lower order oligos using homer2

	Reading input files...
	0 total sequences read
	Autonormalization: 1-mers (4 total)
		A	inf%	inf%	-nan
		C	inf%	inf%	-nan
		G	inf%	inf%	-nan
		T	inf%	inf%	-nan
	Autonormalization: 2-mers (16 total)
		AA	inf%	inf%	-nan
		CA	inf%	inf%	-nan
		GA	inf%	inf%	-nan
		TA	inf%	inf%	-nan
		AC	inf%	inf%	-nan
		CC	inf%	inf%	-nan
		GC	inf%	inf%	-nan
		TC	inf%	inf%	-nan
		AG	inf%	inf%	-nan
		CG	inf%	inf%	-nan
		GG	inf%	inf%	-nan
		TG	inf%	inf%	-nan
		AT	inf%	inf%	-nan
		CT	inf%	inf%	-nan
		GT	inf%	inf%	-nan
		TT	inf%	inf%	-nan
	Autonormalization: 3-mers (64 total)
	Normalization weights can be found in file: ./homer_results/mouse_to_human_conservative.sorted/motifs/seq.autonorm.tsv
	Converging on autonormalization solution:
	...............................................................................
	Final normalization:	Autonormalization: 1-mers (4 total)
		A	inf%	inf%	-nan
		C	inf%	inf%	-nan
		G	inf%	inf%	-nan
		T	inf%	inf%	-nan
	Autonormalization: 2-mers (16 total)
		AA	inf%	inf%	-nan
		CA	inf%	inf%	-nan
		GA	inf%	inf%	-nan
		TA	inf%	inf%	-nan
		AC	inf%	inf%	-nan
		CC	inf%	inf%	-nan
		GC	inf%	inf%	-nan
		TC	inf%	inf%	-nan
		AG	inf%	inf%	-nan
		CG	inf%	inf%	-nan
		GG	inf%	inf%	-nan
		TG	inf%	inf%	-nan
		AT	inf%	inf%	-nan
		CT	inf%	inf%	-nan
		GT	inf%	inf%	-nan
		TT	inf%	inf%	-nan
	Autonormalization: 3-mers (64 total)
	Finished preparing sequence/group files

	----------------------------------------------------------
	Known motif enrichment

	Reading input files...
	0 total sequences read
	472 motifs loaded
	Cache length = 11180
	Using binomial scoring
	Checking enrichment of 472 motif(s)
	|0%                                    50%                                  100%|
	=================================================================================
	Preparing HTML output with sequence logos...
	----------------------------------------------------------
	De novo motif finding (HOMER)

	Number of Trial motifs (-T) set to 8 (from 10) to work well with 8 CPUs
	Scanning input files...
!!! Something is wrong... are you sure you chose the right length for motif finding?
!!! i.e. also check your sequence file!!!

	Number of Trial motifs (-T) set to 8 (from 10) to work well with 8 CPUs
	Scanning input files...
!!! Something is wrong... are you sure you chose the right length for motif finding?
!!! i.e. also check your sequence file!!!

	Number of Trial motifs (-T) set to 8 (from 10) to work well with 8 CPUs
	-blen automatically set to 2
	Scanning input files...
!!! Something is wrong... are you sure you chose the right length for motif finding?
!!! i.e. also check your sequence file!!!
Use of uninitialized value in numeric gt (>) at /ocean/projects/bio230007p/mccreary/bin/compareMotifs.pl line 1396.
	!!! Filtered out all motifs!!!
	Job finished - if results look good, please send beer to ..

	Cleaning up tmp files...

